<?xml version="1.0" encoding="UTF-8"?>
<!-- Generated by org.testng.reporters.JUnitXMLReporter -->
<testsuite ignored="0" hostname="LAPTOP-FD4NVGGE" failures="0" tests="3" name="Test-2" time="54.629" errors="0" timestamp="2024-07-10T18:35:59 IST">
  <testcase classname="com.comcast.crm.contactTestWithBaseClass.CreateContactWithBase" name="CreateConWithOrgTest" time="8.836"/>
  <testcase classname="com.comcast.crm.contactTestWithBaseClass.CreateContactWithBase" name="CreateContactWithSupportDateTest" time="10.198"/>
  <testcase classname="com.comcast.crm.contactTestWithBaseClass.CreateContactWithBase" name="createContactTest" time="6.961"/>
</testsuite> <!-- Test-2 -->
