<?xml version="1.0" encoding="UTF-8"?>
<!-- Generated by org.testng.reporters.JUnitReportReporter -->
<testsuite hostname="LAPTOP-FD4NVGGE" failures="0" tests="3" name="com.comcast.crm.contactTestWithBaseClass.CreateOrgWithBase" time="73.310" errors="0" timestamp="2024-07-13T12:29:42 IST" skipped="0">
  <testcase classname="com.comcast.crm.contactTestWithBaseClass.CreateOrgWithBase" name="CreateOrganizationWithINdustriesTest" time="16.985"/>
  <testcase classname="com.comcast.crm.contactTestWithBaseClass.CreateOrgWithBase" name="CreateOrgWithPhoneNumberTest" time="36.358"/>
  <testcase classname="com.comcast.crm.contactTestWithBaseClass.CreateOrgWithBase" name="createOrgTest" time="19.967"/>
</testsuite> <!-- com.comcast.crm.contactTestWithBaseClass.CreateOrgWithBase -->
