<?xml version="1.0" encoding="UTF-8"?>
<!-- Generated by org.testng.reporters.JUnitReportReporter -->
<testsuite hostname="LAPTOP-FD4NVGGE" failures="0" tests="2" name="practice.hometest.HomePageSampleTest" time="0.022" errors="0" timestamp="2024-07-11T14:25:33 IST" skipped="0">
  <testcase classname="practice.hometest.HomePageSampleTest" name="verifyLogoPageTest" time="0.004"/>
  <testcase classname="practice.hometest.HomePageSampleTest" name="homePageTest" time="0.018"/>
</testsuite> <!-- practice.hometest.HomePageSampleTest -->
