<?xml version="1.0" encoding="UTF-8"?>
<!-- Generated by org.testng.reporters.JUnitReportReporter -->
<testsuite hostname="LAPTOP-FD4NVGGE" failures="0" tests="11" name="practice.testng.OrderTest" time="0.035" errors="0" timestamp="2024-07-09T09:51:42 IST" skipped="0">
  <testcase classname="practice.testng.OrderTest" name="createOrderTest" time="0.002"/>
  <testcase classname="practice.testng.OrderTest" name="createOrderTest" time="0.002"/>
  <testcase classname="practice.testng.OrderTest" name="createOrderTest" time="0.003"/>
  <testcase classname="practice.testng.OrderTest" name="createOrderTest" time="0.001"/>
  <testcase classname="practice.testng.OrderTest" name="billingAnOrderTest" time="0.002"/>
  <testcase classname="practice.testng.OrderTest" name="createOrderTest" time="0.003"/>
  <testcase classname="practice.testng.OrderTest" name="createOrderTest" time="0.002"/>
  <testcase classname="practice.testng.OrderTest" name="createOrderTest" time="0.001"/>
  <testcase classname="practice.testng.OrderTest" name="createOrderTest" time="0.007"/>
  <testcase classname="practice.testng.OrderTest" name="createOrderTest" time="0.002"/>
  <testcase classname="practice.testng.OrderTest" name="createOrderTest" time="0.010"/>
</testsuite> <!-- practice.testng.OrderTest -->
