<?xml version="1.0" encoding="UTF-8"?>
<!-- Generated by org.testng.reporters.JUnitReportReporter -->
<testsuite hostname="LAPTOP-FD4NVGGE" failures="0" tests="3" name="practice.testng.ContactTest" time="0.014" errors="0" timestamp="2024-07-08T17:50:02 IST" skipped="0">
  <testcase classname="practice.testng.ContactTest" name="createContactTest" time="0.012"/>
  <testcase classname="practice.testng.ContactTest" name="modifyContactTest" time="0.001"/>
  <testcase classname="practice.testng.ContactTest" name="deleteContactTest" time="0.001"/>
</testsuite> <!-- practice.testng.ContactTest -->
