<?xml version="1.0" encoding="UTF-8"?>
<!-- Generated by org.testng.reporters.JUnitReportReporter -->
<testsuite hostname="LAPTOP-FD4NVGGE" failures="0" tests="2" name="com.crm.comcast.contacttest.CreateContactTest" time="0.010" errors="0" timestamp="2024-07-09T16:34:07 IST" skipped="0">
  <testcase classname="com.crm.comcast.contacttest.CreateContactTest" name="createContactTest" time="0.009"/>
  <testcase classname="com.crm.comcast.contacttest.CreateContactTest" name="createContactWithTestDate" time="0.001"/>
</testsuite> <!-- com.crm.comcast.contacttest.CreateContactTest -->
