<?xml version="1.0" encoding="UTF-8"?>
<!-- Generated by org.testng.reporters.JUnitReportReporter -->
<testsuite hostname="LAPTOP-FD4NVGGE" failures="0" tests="3" name="practice.test.GetProductInfoTest" time="19.158" errors="0" timestamp="2024-07-09T12:35:23 IST" skipped="0">
  <testcase classname="practice.test.GetProductInfoTest" name="getProductInfoTest" time="8.128"/>
  <testcase classname="practice.test.GetProductInfoTest" name="getProductInfoTest" time="5.815"/>
  <testcase classname="practice.test.GetProductInfoTest" name="getProductInfoTest" time="5.215"/>
</testsuite> <!-- practice.test.GetProductInfoTest -->
