<?xml version="1.0" encoding="UTF-8"?>
<!-- Generated by org.testng.reporters.JUnitReportReporter -->
<testsuite hostname="LAPTOP-FD4NVGGE" failures="0" tests="3" name="practice.testng.CreateContact_DP_Test" time="0.013" errors="0" timestamp="2024-07-09T11:00:19 IST" skipped="0">
  <testcase classname="practice.testng.CreateContact_DP_Test" name="createContactTest" time="0.009"/>
  <testcase classname="practice.testng.CreateContact_DP_Test" name="createContactTest" time="0.002"/>
  <testcase classname="practice.testng.CreateContact_DP_Test" name="createContactTest" time="0.002"/>
</testsuite> <!-- practice.testng.CreateContact_DP_Test -->
