<?xml version="1.0" encoding="UTF-8"?>
<!-- Generated by org.testng.reporters.JUnitReportReporter -->
<testsuite hostname="LAPTOP-FD4NVGGE" failures="0" tests="1" name="practice.testng.SampleReportTest" time="4.482" errors="0" timestamp="2024-07-12T16:32:01 IST" skipped="0">
  <testcase classname="practice.testng.SampleReportTest" name="createContactTest" time="4.482"/>
</testsuite> <!-- practice.testng.SampleReportTest -->
