<?xml version="1.0" encoding="UTF-8"?>
<!-- Generated by org.testng.reporters.JUnitReportReporter -->
<testsuite hostname="LAPTOP-FD4NVGGE" failures="0" tests="2" name="com.pac1.CreateContactTest" time="0.009" errors="0" timestamp="2024-07-09T15:12:22 IST" skipped="0">
  <testcase classname="com.pac1.CreateContactTest" name="createContactWithTestDate" time="0.001"/>
  <testcase classname="com.pac1.CreateContactTest" name="createContactTest" time="0.008"/>
</testsuite> <!-- com.pac1.CreateContactTest -->
