<?xml version="1.0" encoding="UTF-8"?>
<!-- Generated by org.testng.reporters.JUnitReportReporter -->
<testsuite hostname="LAPTOP-FD4NVGGE" failures="0" tests="2" name="practice.hometest.PracticeReportLog" time="0.014" errors="0" timestamp="2024-07-11T15:13:59 IST" skipped="0">
  <testcase classname="practice.hometest.PracticeReportLog" name="homePageTest" time="0.012">
    <system-out>
      <![CDATA[homePageTest Test Start
step-1
step-2
step-3
step-4
homePageTest Test End]]>
    </system-out>
  </testcase> <!-- homePageTest -->
  <testcase classname="practice.hometest.PracticeReportLog" name="verifyLogoHomePageTest1" time="0.002">
    <system-out>
      <![CDATA[verifyLogoHomePageTest1 Test Start
step-1
step-2
step-3
step-4
verifyLogoHomePageTest1 Test End]]>
    </system-out>
  </testcase> <!-- verifyLogoHomePageTest1 -->
  <system-out>
    <![CDATA[homePageTest Test Start
step-1
step-2
step-3
step-4
homePageTest Test End
verifyLogoHomePageTest1 Test Start
step-1
step-2
step-3
step-4
verifyLogoHomePageTest1 Test End]]>
  </system-out>
</testsuite> <!-- practice.hometest.PracticeReportLog -->
