<?xml version="1.0" encoding="UTF-8"?>
<!-- Generated by org.testng.reporters.JUnitReportReporter -->
<testsuite hostname="LAPTOP-FD4NVGGE" failures="0" tests="2" name="practice.testng.CreatecontactTest" time="0.013" errors="0" timestamp="2024-07-08T16:38:41 IST" skipped="0">
  <testcase classname="practice.testng.CreatecontactTest" name="createContactTest" time="0.012"/>
  <testcase classname="practice.testng.CreatecontactTest" name="createContactWithMobileNumber" time="0.001"/>
</testsuite> <!-- practice.testng.CreatecontactTest -->
