<?xml version="1.0" encoding="UTF-8"?>
<!-- Generated by org.testng.reporters.JUnitReportReporter -->
<testsuite hostname="LAPTOP-FD4NVGGE" failures="0" tests="2" name="practice.hometest.HomePageVerificationTest" time="10.299" errors="0" timestamp="2024-07-11T12:51:35 IST" skipped="0">
  <testcase classname="practice.hometest.HomePageVerificationTest" name="homePageTest" time="5.604"/>
  <testcase classname="practice.hometest.HomePageVerificationTest" name="verifyLogoPageTest" time="4.695"/>
</testsuite> <!-- practice.hometest.HomePageVerificationTest -->
