<?xml version="1.0" encoding="UTF-8"?>
<!-- Generated by org.testng.reporters.JUnitReportReporter -->
<testsuite hostname="LAPTOP-FD4NVGGE" failures="0" tests="2" name="com.crm.comcast.orgtest.CreateOrgTest" time="0.004" errors="0" timestamp="2024-07-09T16:34:07 IST" skipped="0">
  <testcase classname="com.crm.comcast.orgtest.CreateOrgTest" name="createOrgTest" time="0.002"/>
  <testcase classname="com.crm.comcast.orgtest.CreateOrgTest" name="createOrgWithIndustry" time="0.002"/>
</testsuite> <!-- com.crm.comcast.orgtest.CreateOrgTest -->
