<?xml version="1.0" encoding="UTF-8"?>
<!-- Generated by org.testng.reporters.JUnitReportReporter -->
<testsuite hostname="LAPTOP-FD4NVGGE" failures="0" tests="1" name="com.comcast.crm.contactTestWithBaseClass.CreateContactWithBase" time="28.028" errors="0" timestamp="2024-07-11T14:56:30 IST" skipped="0">
  <testcase classname="com.comcast.crm.contactTestWithBaseClass.CreateContactWithBase" name="createContactTest" time="28.028"/>
</testsuite> <!-- com.comcast.crm.contactTestWithBaseClass.CreateContactWithBase -->
