<?xml version="1.0" encoding="UTF-8"?>
<!-- Generated by org.testng.reporters.JUnitReportReporter -->
<testsuite hostname="LAPTOP-FD4NVGGE" failures="0" tests="1" name="practice.testng.SampleTest" time="0.012" errors="0" timestamp="2024-07-08T16:19:54 IST" skipped="0">
  <testcase classname="practice.testng.SampleTest" name="createContactWithMobileNumber" time="0.012"/>
</testsuite> <!-- practice.testng.SampleTest -->
